[2023-11-22T00:31:17.874] [ERROR] application - error
[2023-11-22T00:33:28.075] [ERROR] application - error
[2023-11-22T00:34:39.662] [ERROR] application - error
[2023-11-22T00:34:46.284] [ERROR] application - error
[2023-11-22T00:36:09.638] [ERROR] application - error
[2023-11-22T00:36:36.410] [ERROR] application - error
[2023-11-22T00:36:46.648] [ERROR] application - error
[2023-11-22T00:40:22.741] [ERROR] application - error
[2023-11-22T00:41:48.211] [ERROR] application - error
[2023-11-22T00:43:06.564] [ERROR] application - error
[2023-11-22T00:43:09.983] [ERROR] application - error
[2023-11-22T22:45:10.452] [INFO] application - server start.
[2023-11-22T22:47:46.490] [INFO] application - server start.
2023-11-22T22:50:58.996 [32m INFO[39m application server start.
[2023-11-22T22:53:50.746] [INFO] application - server start.
[2023-11-22T22:54:14.202] [INFO] application - server start.
[2023-11-22T22:55:54.729] [INFO] application - server start.
[2023-11-22T22:56:26.720] [INFO] application - server start.
[2023-11-22T22:56:37.256] [INFO] application - server start.
[2023-11-22T22:57:18.652] [INFO] application - server start.
[2023-11-22T22:57:24.989] [INFO] application - server start.
[2023-11-22T22:58:57.920] [INFO] application - server start.
[2023-11-22T22:59:20.177] [INFO] application - server start.
[2023-11-22T22:59:24.243] [INFO] application - server start.
[2023-11-22T22:59:59.743] [INFO] application - server start.
[2023-11-22T23:00:45.911] [INFO] application - server start.
[2023-11-22 23:02:33] [32m INFO[39m -application: server start.
[2023-11-22 23:09:18] [32m INFO[39m -application: server start.
[2023-11-22 23:11:14] [32m INFO[39m -application: server start.
[2023-11-22 23:12:21] [32m INFO[39m -application: server start.
[2023-11-22 23:13:41] [32m INFO[39m -application: server start.
[2023-11-22 23:16:11] [32m INFO[39m -application: server start.
[2023-11-22 23:22:03] [32m INFO[39m -application: 
[2023-11-22 23:22:12] [32m INFO[39m -application: server start.
[2023-11-22 23:22:24] [32m INFO[39m -application: server start.
[2023-11-22 23:23:06] [32m INFO[39m -application: 
[2023-11-22 23:23:19] [32m INFO[39m -application: server start.
[2023-11-22 23:27:59] [32m INFO[39m : -application: server start.
[2023-11-22 23:28:13] [32m INFO[39m : -application: server start.
[2023-11-22 23:28:25] [32m INFO[39m : -application: server start.
[2023-11-22 23:29:31] [32m INFO[39m : -application: server start.
[2023-11-22 23:30:17] [32m INFO[39m /Users/iwasakikosuke/projects/MyProjects/todoapi/src/server.ts:77 -application: server start.
[2023-11-22 23:32:31] [32m INFO[39m /Users/iwasakikosuke/projects/MyProjects/todoapi/src/server.ts:77 -application: server start.
[2023-11-22 23:33:19] [32m INFO[39m /Users/iwasakikosuke/projects/MyProjects/todoapi/src/server.ts:77 -application: server start.
[2023-11-22 23:33:29] [32m INFO[39m /Users/iwasakikosuke/projects/MyProjects/todoapi/src/server.ts:77 -application: server start.
[2023-11-22 23:42:20] [32m INFO[39m /Users/iwasakikosuke/projects/MyProjects/todoapi/src/server.ts:77 -application: server start.
[2023-11-22 23:44:23] [32m INFO[39m /Users/iwasakikosuke/projects/MyProjects/todoapi/src/server.ts:77 -application: server start.
[2023-11-22 23:44:36] [32m INFO[39m /Users/iwasakikosuke/projects/MyProjects/todoapi/src/server.ts:77 -application: server start.
[2023-11-22 23:47:28] [32m INFO[39m /Users/iwasakikosuke/projects/MyProjects/todoapi/src/server.ts:77 -application: server start.
[2023-11-22 23:47:51] [32m INFO[39m /Users/iwasakikosuke/projects/MyProjects/todoapi/src/server.ts:77 -application: server start.
[2023-11-22 23:47:53] [32m INFO[39m /Users/iwasakikosuke/projects/MyProjects/todoapi/src/controllers/todoController.ts:33 -application: [ { id: 1, userId: 1, title: 'Update Todo Title3', description: 'Update Todo Description', deadlineAt: '10/29/2023, 9:00:00 AM', status: 'TODO', createdAt: '11/14/2023, 8:56:10 AM', updatedAt: '11/18/2023, 12:27:00 AM' } ]
[2023-11-22 23:48:23] [32m INFO[39m /Users/iwasakikosuke/projects/MyProjects/todoapi/src/server.ts:77 -application: server start.
[2023-11-22 23:49:48] [32m INFO[39m /Users/iwasakikosuke/projects/MyProjects/todoapi/src/server.ts:77 -application: server start.
[2023-11-22 23:55:13] [32m INFO[39m /Users/iwasakikosuke/projects/MyProjects/todoapi/src/server.ts:77 -application: server start.
[2023-11-22 23:56:12] [32m INFO[39m /Users/iwasakikosuke/projects/MyProjects/todoapi/src/server.ts:77 -application: server start.
[2023-11-22 23:57:38] [32m INFO[39m /Users/iwasakikosuke/projects/MyProjects/todoapi/src/server.ts:77 -application: server start.
[2023-11-22 23:57:51] [32m INFO[39m /Users/iwasakikosuke/projects/MyProjects/todoapi/src/server.ts:77 -application: server start.
